<persistence xmlns="http://java.sun.com/xml/ns/persistence"
	xmlns:xsi="http://www.w3.org/2001/XMLSchema-instance"
	xsi:schemaLocation="http://java.sun.com/xml/ns/persistence 
    http://java.sun.com/xml/ns/persistence/persistence_2_0.xsd"
	version="2.0">
	<persistence-unit name="ausleihe" transaction-type="JTA">
		<!-- Provider Informations -->
		<provider>org.hibernate.jpa.HibernatePersistenceProvider</provider>
		<jta-data-source>java:jboss/datasources/ausleihe</jta-data-source>

		<!-- Properties -->
		<properties>
			<property name="hibernate.show_sql" value="false" />
			<property name="hibernate.hbm2ddl.auto" value="create-drop" />
		</properties>
	</persistence-unit>
</persistence>